Analysis & Synthesis report for VGA
Tue Aug 03 14:41:12 2021
Quartus II 64-Bit Version 13.0.1 Build 232 06/12/2013 Service Pack 1 SJ Web Edition


---------------------
; Table of Contents ;
---------------------
  1. Legal Notice
  2. Analysis & Synthesis Summary
  3. Analysis & Synthesis Settings
  4. Parallel Compilation
  5. Analysis & Synthesis Source Files Read
  6. Analysis & Synthesis Resource Usage Summary
  7. Analysis & Synthesis Resource Utilization by Entity
  8. Parameter Settings for User Entity Instance: Top-level Entity: |vga_controller
  9. Parameter Settings for Inferred Entity Instance: lpm_add_sub:Add0
 10. Parameter Settings for Inferred Entity Instance: lpm_add_sub:Add1
 11. Parameter Settings for Inferred Entity Instance: lpm_add_sub:Add3
 12. Parameter Settings for Inferred Entity Instance: lpm_add_sub:Add2
 13. Analysis & Synthesis Messages



----------------
; Legal Notice ;
----------------
Copyright (C) 1991-2013 Altera Corporation
Your use of Altera Corporation's design tools, logic functions 
and other software and tools, and its AMPP partner logic 
functions, and any output files from any of the foregoing 
(including device programming or simulation files), and any 
associated documentation or information are expressly subject 
to the terms and conditions of the Altera Program License 
Subscription Agreement, Altera MegaCore Function License 
Agreement, or other applicable license agreement, including, 
without limitation, that your use is for the sole purpose of 
programming logic devices manufactured by Altera and sold by 
Altera or its authorized distributors.  Please refer to the 
applicable agreement for further details.



+-------------------------------------------------------------------------------+
; Analysis & Synthesis Summary                                                  ;
+-----------------------------+-------------------------------------------------+
; Analysis & Synthesis Status ; Successful - Tue Aug 03 14:41:12 2021           ;
; Quartus II 64-Bit Version   ; 13.0.1 Build 232 06/12/2013 SP 1 SJ Web Edition ;
; Revision Name               ; VGA                                             ;
; Top-level Entity Name       ; vga_controller                                  ;
; Family                      ; MAX7000S                                        ;
; Total macrocells            ; 124                                             ;
; Total pins                  ; 35                                              ;
+-----------------------------+-------------------------------------------------+


+--------------------------------------------------------------------------------------------------------------+
; Analysis & Synthesis Settings                                                                                ;
+----------------------------------------------------------------------------+-----------------+---------------+
; Option                                                                     ; Setting         ; Default Value ;
+----------------------------------------------------------------------------+-----------------+---------------+
; Device                                                                     ; EPM7160SLC84-10 ;               ;
; Top-level entity name                                                      ; vga_controller  ; VGA           ;
; Family name                                                                ; MAX7000S        ; Cyclone IV GX ;
; Use smart compilation                                                      ; Off             ; Off           ;
; Enable parallel Assembler and TimeQuest Timing Analyzer during compilation ; On              ; On            ;
; Enable compact report table                                                ; Off             ; Off           ;
; Create Debugging Nodes for IP Cores                                        ; Off             ; Off           ;
; Preserve fewer node names                                                  ; On              ; On            ;
; Disable OpenCore Plus hardware evaluation                                  ; Off             ; Off           ;
; Verilog Version                                                            ; Verilog_2001    ; Verilog_2001  ;
; VHDL Version                                                               ; VHDL_1993       ; VHDL_1993     ;
; State Machine Processing                                                   ; Auto            ; Auto          ;
; Safe State Machine                                                         ; Off             ; Off           ;
; Extract Verilog State Machines                                             ; On              ; On            ;
; Extract VHDL State Machines                                                ; On              ; On            ;
; Ignore Verilog initial constructs                                          ; Off             ; Off           ;
; Iteration limit for constant Verilog loops                                 ; 5000            ; 5000          ;
; Iteration limit for non-constant Verilog loops                             ; 250             ; 250           ;
; Add Pass-Through Logic to Inferred RAMs                                    ; On              ; On            ;
; Infer RAMs from Raw Logic                                                  ; On              ; On            ;
; Parallel Synthesis                                                         ; On              ; On            ;
; NOT Gate Push-Back                                                         ; On              ; On            ;
; Power-Up Don't Care                                                        ; On              ; On            ;
; Remove Duplicate Registers                                                 ; On              ; On            ;
; Ignore CARRY Buffers                                                       ; Off             ; Off           ;
; Ignore CASCADE Buffers                                                     ; Off             ; Off           ;
; Ignore GLOBAL Buffers                                                      ; Off             ; Off           ;
; Ignore ROW GLOBAL Buffers                                                  ; Off             ; Off           ;
; Ignore LCELL Buffers                                                       ; Auto            ; Auto          ;
; Ignore SOFT Buffers                                                        ; Off             ; Off           ;
; Limit AHDL Integers to 32 Bits                                             ; Off             ; Off           ;
; Optimization Technique                                                     ; Speed           ; Speed         ;
; Allow XOR Gate Usage                                                       ; On              ; On            ;
; Auto Logic Cell Insertion                                                  ; On              ; On            ;
; Parallel Expander Chain Length                                             ; 4               ; 4             ;
; Auto Parallel Expanders                                                    ; On              ; On            ;
; Auto Open-Drain Pins                                                       ; On              ; On            ;
; Auto Resource Sharing                                                      ; Off             ; Off           ;
; Maximum Fan-in Per Macrocell                                               ; 100             ; 100           ;
; Use LogicLock Constraints during Resource Balancing                        ; On              ; On            ;
; Ignore translate_off and synthesis_off directives                          ; Off             ; Off           ;
; Report Parameter Settings                                                  ; On              ; On            ;
; Report Source Assignments                                                  ; On              ; On            ;
; Report Connectivity Checks                                                 ; On              ; On            ;
; HDL message level                                                          ; Level2          ; Level2        ;
; Suppress Register Optimization Related Messages                            ; Off             ; Off           ;
; Number of Removed Registers Reported in Synthesis Report                   ; 5000            ; 5000          ;
; Number of Swept Nodes Reported in Synthesis Report                         ; 5000            ; 5000          ;
; Number of Inverted Registers Reported in Synthesis Report                  ; 100             ; 100           ;
; Block Design Naming                                                        ; Auto            ; Auto          ;
; Synthesis Effort                                                           ; Auto            ; Auto          ;
; Shift Register Replacement - Allow Asynchronous Clear Signal               ; On              ; On            ;
; Pre-Mapping Resynthesis Optimization                                       ; Off             ; Off           ;
; Analysis & Synthesis Message Level                                         ; Medium          ; Medium        ;
; Disable Register Merging Across Hierarchies                                ; Auto            ; Auto          ;
; Synthesis Seed                                                             ; 1               ; 1             ;
+----------------------------------------------------------------------------+-----------------+---------------+


Parallel compilation was disabled, but you have multiple processors available. Enable parallel compilation to reduce compilation time.
+-------------------------------------+
; Parallel Compilation                ;
+----------------------------+--------+
; Processors                 ; Number ;
+----------------------------+--------+
; Number detected on machine ; 4      ;
; Maximum allowed            ; 1      ;
+----------------------------+--------+


+----------------------------------------------------------------------------------------------------------------------------------------------------------------+
; Analysis & Synthesis Source Files Read                                                                                                                         ;
+----------------------------------+-----------------+-----------------+-------------------------------------------------------------------------------+---------+
; File Name with User-Entered Path ; Used in Netlist ; File Type       ; File Name with Absolute Path                                                  ; Library ;
+----------------------------------+-----------------+-----------------+-------------------------------------------------------------------------------+---------+
; vga_controller.vhd               ; yes             ; User VHDL File  ; G:/_Programming/_DOCS/Schematics/MyModular/CPLD/VGA/ALTERA/vga_controller.vhd ;         ;
; lpm_add_sub.tdf                  ; yes             ; Megafunction    ; c:/altera/13.0sp1/quartus/libraries/megafunctions/lpm_add_sub.tdf             ;         ;
; addcore.inc                      ; yes             ; Megafunction    ; c:/altera/13.0sp1/quartus/libraries/megafunctions/addcore.inc                 ;         ;
; look_add.inc                     ; yes             ; Megafunction    ; c:/altera/13.0sp1/quartus/libraries/megafunctions/look_add.inc                ;         ;
; bypassff.inc                     ; yes             ; Megafunction    ; c:/altera/13.0sp1/quartus/libraries/megafunctions/bypassff.inc                ;         ;
; altshift.inc                     ; yes             ; Megafunction    ; c:/altera/13.0sp1/quartus/libraries/megafunctions/altshift.inc                ;         ;
; alt_stratix_add_sub.inc          ; yes             ; Megafunction    ; c:/altera/13.0sp1/quartus/libraries/megafunctions/alt_stratix_add_sub.inc     ;         ;
; aglobal130.inc                   ; yes             ; Megafunction    ; c:/altera/13.0sp1/quartus/libraries/megafunctions/aglobal130.inc              ;         ;
; addcore.tdf                      ; yes             ; Megafunction    ; c:/altera/13.0sp1/quartus/libraries/megafunctions/addcore.tdf                 ;         ;
; a_csnbuffer.inc                  ; yes             ; Megafunction    ; c:/altera/13.0sp1/quartus/libraries/megafunctions/a_csnbuffer.inc             ;         ;
; a_csnbuffer.tdf                  ; yes             ; Megafunction    ; c:/altera/13.0sp1/quartus/libraries/megafunctions/a_csnbuffer.tdf             ;         ;
; look_add.tdf                     ; yes             ; Megafunction    ; c:/altera/13.0sp1/quartus/libraries/megafunctions/look_add.tdf                ;         ;
; altshift.tdf                     ; yes             ; Megafunction    ; c:/altera/13.0sp1/quartus/libraries/megafunctions/altshift.tdf                ;         ;
+----------------------------------+-----------------+-----------------+-------------------------------------------------------------------------------+---------+


+---------------------------------------------+
; Analysis & Synthesis Resource Usage Summary ;
+----------------------+----------------------+
; Resource             ; Usage                ;
+----------------------+----------------------+
; Logic cells          ; 124                  ;
; Total registers      ; 61                   ;
; I/O pins             ; 35                   ;
; Shareable expanders  ; 26                   ;
; Parallel expanders   ; 32                   ;
; Maximum fan-out node ; h_count[9]           ;
; Maximum fan-out      ; 62                   ;
; Total fan-out        ; 1468                 ;
; Average fan-out      ; 7.94                 ;
+----------------------+----------------------+


+---------------------------------------------------------------------------------------------------------------------------------------------------+
; Analysis & Synthesis Resource Utilization by Entity                                                                                               ;
+------------------------------------+------------+------+---------------------------------------------------------------------------+--------------+
; Compilation Hierarchy Node         ; Macrocells ; Pins ; Full Hierarchy Name                                                       ; Library Name ;
+------------------------------------+------------+------+---------------------------------------------------------------------------+--------------+
; |vga_controller                    ; 124        ; 35   ; |vga_controller                                                           ; work         ;
;    |lpm_add_sub:Add1|              ; 8          ; 0    ; |vga_controller|lpm_add_sub:Add1                                          ; work         ;
;       |addcore:adder[0]|           ; 7          ; 0    ; |vga_controller|lpm_add_sub:Add1|addcore:adder[0]                         ; work         ;
;          |a_csnbuffer:result_node| ; 7          ; 0    ; |vga_controller|lpm_add_sub:Add1|addcore:adder[0]|a_csnbuffer:result_node ; work         ;
;       |addcore:adder[1]|           ; 1          ; 0    ; |vga_controller|lpm_add_sub:Add1|addcore:adder[1]                         ; work         ;
;          |a_csnbuffer:result_node| ; 1          ; 0    ; |vga_controller|lpm_add_sub:Add1|addcore:adder[1]|a_csnbuffer:result_node ; work         ;
;    |lpm_add_sub:Add2|              ; 12         ; 0    ; |vga_controller|lpm_add_sub:Add2                                          ; work         ;
;       |addcore:adder[0]|           ; 12         ; 0    ; |vga_controller|lpm_add_sub:Add2|addcore:adder[0]                         ; work         ;
;          |a_csnbuffer:result_node| ; 12         ; 0    ; |vga_controller|lpm_add_sub:Add2|addcore:adder[0]|a_csnbuffer:result_node ; work         ;
;    |lpm_add_sub:Add3|              ; 5          ; 0    ; |vga_controller|lpm_add_sub:Add3                                          ; work         ;
;       |addcore:adder[1]|           ; 5          ; 0    ; |vga_controller|lpm_add_sub:Add3|addcore:adder[1]                         ; work         ;
;          |a_csnbuffer:result_node| ; 5          ; 0    ; |vga_controller|lpm_add_sub:Add3|addcore:adder[1]|a_csnbuffer:result_node ; work         ;
+------------------------------------+------------+------+---------------------------------------------------------------------------+--------------+


+--------------------------------------------------------------------------------+
; Parameter Settings for User Entity Instance: Top-level Entity: |vga_controller ;
+----------------+-------+-------------------------------------------------------+
; Parameter Name ; Value ; Type                                                  ;
+----------------+-------+-------------------------------------------------------+
; h_pulse        ; 96    ; Signed Integer                                        ;
; h_bp           ; 48    ; Signed Integer                                        ;
; h_pixels       ; 640   ; Signed Integer                                        ;
; h_fp           ; 16    ; Signed Integer                                        ;
; h_pol          ; '0'   ; Enumerated                                            ;
; v_pulse        ; 2     ; Signed Integer                                        ;
; v_bp           ; 35    ; Signed Integer                                        ;
; v_pixels       ; 400   ; Signed Integer                                        ;
; v_fp           ; 12    ; Signed Integer                                        ;
; v_pol          ; '1'   ; Enumerated                                            ;
+----------------+-------+-------------------------------------------------------+
Note: In order to hide this table in the UI and the text report file, please set the "Show Parameter Settings in Synthesis Report" option in "Analysis and Synthesis Settings -> More Settings" to "Off".


+-------------------------------------------------------------------+
; Parameter Settings for Inferred Entity Instance: lpm_add_sub:Add0 ;
+------------------------+-------------+----------------------------+
; Parameter Name         ; Value       ; Type                       ;
+------------------------+-------------+----------------------------+
; LPM_WIDTH              ; 10          ; Untyped                    ;
; LPM_REPRESENTATION     ; UNSIGNED    ; Untyped                    ;
; LPM_DIRECTION          ; ADD         ; Untyped                    ;
; ONE_INPUT_IS_CONSTANT  ; YES         ; Untyped                    ;
; LPM_PIPELINE           ; 0           ; Untyped                    ;
; MAXIMIZE_SPEED         ; 5           ; Untyped                    ;
; REGISTERED_AT_END      ; 0           ; Untyped                    ;
; OPTIMIZE_FOR_SPEED     ; 5           ; Untyped                    ;
; USE_CS_BUFFERS         ; 1           ; Untyped                    ;
; CARRY_CHAIN            ; MANUAL      ; Untyped                    ;
; CARRY_CHAIN_LENGTH     ; 48          ; CARRY_CHAIN_LENGTH         ;
; DEVICE_FAMILY          ; MAX7000S    ; Untyped                    ;
; USE_WYS                ; OFF         ; Untyped                    ;
; STYLE                  ; FAST        ; Untyped                    ;
; CBXI_PARAMETER         ; add_sub_4ph ; Untyped                    ;
; AUTO_CARRY_CHAINS      ; ON          ; AUTO_CARRY                 ;
; IGNORE_CARRY_BUFFERS   ; OFF         ; IGNORE_CARRY               ;
; AUTO_CASCADE_CHAINS    ; ON          ; AUTO_CASCADE               ;
; IGNORE_CASCADE_BUFFERS ; OFF         ; IGNORE_CASCADE             ;
+------------------------+-------------+----------------------------+
Note: In order to hide this table in the UI and the text report file, please set the "Show Parameter Settings in Synthesis Report" option in "Analysis and Synthesis Settings -> More Settings" to "Off".


+-------------------------------------------------------------------+
; Parameter Settings for Inferred Entity Instance: lpm_add_sub:Add1 ;
+------------------------+-------------+----------------------------+
; Parameter Name         ; Value       ; Type                       ;
+------------------------+-------------+----------------------------+
; LPM_WIDTH              ; 9           ; Untyped                    ;
; LPM_REPRESENTATION     ; UNSIGNED    ; Untyped                    ;
; LPM_DIRECTION          ; ADD         ; Untyped                    ;
; ONE_INPUT_IS_CONSTANT  ; YES         ; Untyped                    ;
; LPM_PIPELINE           ; 0           ; Untyped                    ;
; MAXIMIZE_SPEED         ; 5           ; Untyped                    ;
; REGISTERED_AT_END      ; 0           ; Untyped                    ;
; OPTIMIZE_FOR_SPEED     ; 5           ; Untyped                    ;
; USE_CS_BUFFERS         ; 1           ; Untyped                    ;
; CARRY_CHAIN            ; MANUAL      ; Untyped                    ;
; CARRY_CHAIN_LENGTH     ; 48          ; CARRY_CHAIN_LENGTH         ;
; DEVICE_FAMILY          ; MAX7000S    ; Untyped                    ;
; USE_WYS                ; OFF         ; Untyped                    ;
; STYLE                  ; FAST        ; Untyped                    ;
; CBXI_PARAMETER         ; add_sub_snh ; Untyped                    ;
; AUTO_CARRY_CHAINS      ; ON          ; AUTO_CARRY                 ;
; IGNORE_CARRY_BUFFERS   ; OFF         ; IGNORE_CARRY               ;
; AUTO_CASCADE_CHAINS    ; ON          ; AUTO_CASCADE               ;
; IGNORE_CASCADE_BUFFERS ; OFF         ; IGNORE_CASCADE             ;
+------------------------+-------------+----------------------------+
Note: In order to hide this table in the UI and the text report file, please set the "Show Parameter Settings in Synthesis Report" option in "Analysis and Synthesis Settings -> More Settings" to "Off".


+-------------------------------------------------------------------+
; Parameter Settings for Inferred Entity Instance: lpm_add_sub:Add3 ;
+------------------------+-------------+----------------------------+
; Parameter Name         ; Value       ; Type                       ;
+------------------------+-------------+----------------------------+
; LPM_WIDTH              ; 15          ; Untyped                    ;
; LPM_REPRESENTATION     ; UNSIGNED    ; Untyped                    ;
; LPM_DIRECTION          ; ADD         ; Untyped                    ;
; ONE_INPUT_IS_CONSTANT  ; YES         ; Untyped                    ;
; LPM_PIPELINE           ; 0           ; Untyped                    ;
; MAXIMIZE_SPEED         ; 5           ; Untyped                    ;
; REGISTERED_AT_END      ; 0           ; Untyped                    ;
; OPTIMIZE_FOR_SPEED     ; 5           ; Untyped                    ;
; USE_CS_BUFFERS         ; 1           ; Untyped                    ;
; CARRY_CHAIN            ; MANUAL      ; Untyped                    ;
; CARRY_CHAIN_LENGTH     ; 48          ; CARRY_CHAIN_LENGTH         ;
; DEVICE_FAMILY          ; MAX7000S    ; Untyped                    ;
; USE_WYS                ; OFF         ; Untyped                    ;
; STYLE                  ; FAST        ; Untyped                    ;
; CBXI_PARAMETER         ; add_sub_9ph ; Untyped                    ;
; AUTO_CARRY_CHAINS      ; ON          ; AUTO_CARRY                 ;
; IGNORE_CARRY_BUFFERS   ; OFF         ; IGNORE_CARRY               ;
; AUTO_CASCADE_CHAINS    ; ON          ; AUTO_CASCADE               ;
; IGNORE_CASCADE_BUFFERS ; OFF         ; IGNORE_CASCADE             ;
+------------------------+-------------+----------------------------+
Note: In order to hide this table in the UI and the text report file, please set the "Show Parameter Settings in Synthesis Report" option in "Analysis and Synthesis Settings -> More Settings" to "Off".


+-------------------------------------------------------------------+
; Parameter Settings for Inferred Entity Instance: lpm_add_sub:Add2 ;
+------------------------+-------------+----------------------------+
; Parameter Name         ; Value       ; Type                       ;
+------------------------+-------------+----------------------------+
; LPM_WIDTH              ; 8           ; Untyped                    ;
; LPM_REPRESENTATION     ; UNSIGNED    ; Untyped                    ;
; LPM_DIRECTION          ; ADD         ; Untyped                    ;
; ONE_INPUT_IS_CONSTANT  ; NO          ; Untyped                    ;
; LPM_PIPELINE           ; 0           ; Untyped                    ;
; MAXIMIZE_SPEED         ; 5           ; Untyped                    ;
; REGISTERED_AT_END      ; 0           ; Untyped                    ;
; OPTIMIZE_FOR_SPEED     ; 5           ; Untyped                    ;
; USE_CS_BUFFERS         ; 1           ; Untyped                    ;
; CARRY_CHAIN            ; MANUAL      ; Untyped                    ;
; CARRY_CHAIN_LENGTH     ; 48          ; CARRY_CHAIN_LENGTH         ;
; DEVICE_FAMILY          ; MAX7000S    ; Untyped                    ;
; USE_WYS                ; OFF         ; Untyped                    ;
; STYLE                  ; FAST        ; Untyped                    ;
; CBXI_PARAMETER         ; add_sub_7kh ; Untyped                    ;
; AUTO_CARRY_CHAINS      ; ON          ; AUTO_CARRY                 ;
; IGNORE_CARRY_BUFFERS   ; OFF         ; IGNORE_CARRY               ;
; AUTO_CASCADE_CHAINS    ; ON          ; AUTO_CASCADE               ;
; IGNORE_CASCADE_BUFFERS ; OFF         ; IGNORE_CASCADE             ;
+------------------------+-------------+----------------------------+
Note: In order to hide this table in the UI and the text report file, please set the "Show Parameter Settings in Synthesis Report" option in "Analysis and Synthesis Settings -> More Settings" to "Off".


+-------------------------------+
; Analysis & Synthesis Messages ;
+-------------------------------+
Info: *******************************************************************
Info: Running Quartus II 64-Bit Analysis & Synthesis
    Info: Version 13.0.1 Build 232 06/12/2013 Service Pack 1 SJ Web Edition
    Info: Processing started: Tue Aug 03 14:41:07 2021
Info: Command: quartus_map --read_settings_files=on --write_settings_files=off VGA -c VGA
Warning (20028): Parallel compilation is not licensed and has been disabled
Info (12021): Found 2 design units, including 1 entities, in source file vga_controller.vhd
    Info (12022): Found design unit 1: vga_controller-behavior
    Info (12023): Found entity 1: vga_controller
Info (12021): Found 2 design units, including 1 entities, in source file hw_image_generator.vhd
    Info (12022): Found design unit 1: hw_image_generator-behavior
    Info (12023): Found entity 1: hw_image_generator
Info (12021): Found 1 design units, including 1 entities, in source file blkdsgn.bdf
    Info (12023): Found entity 1: BLKDSGN
Info (12127): Elaborating entity "vga_controller" for the top level hierarchy
Warning (10541): VHDL Signal Declaration warning at vga_controller.vhd(53): used implicit default value for signal "scrst" because signal was never assigned a value or an explicit default value. Use of implicit default value may introduce unintended design optimizations.
Warning (10540): VHDL Signal Declaration warning at vga_controller.vhd(80): used explicit default value for signal "PXLFOREnx" because signal was never assigned a value
Warning (10540): VHDL Signal Declaration warning at vga_controller.vhd(81): used explicit default value for signal "PXLBACKnx" because signal was never assigned a value
Warning (10540): VHDL Signal Declaration warning at vga_controller.vhd(88): used explicit default value for signal "vidset" because signal was never assigned a value
Info (278001): Inferred 4 megafunctions from design logic
    Info (278002): Inferred adder/subtractor megafunction ("lpm_add_sub") from the following logic: "Add0"
    Info (278002): Inferred adder/subtractor megafunction ("lpm_add_sub") from the following logic: "Add1"
    Info (278002): Inferred adder/subtractor megafunction ("lpm_add_sub") from the following logic: "Add3"
    Info (278002): Inferred adder/subtractor megafunction ("lpm_add_sub") from the following logic: "Add2"
Info (12130): Elaborated megafunction instantiation "lpm_add_sub:Add0"
Info (12133): Instantiated megafunction "lpm_add_sub:Add0" with the following parameter:
    Info (12134): Parameter "LPM_WIDTH" = "10"
    Info (12134): Parameter "LPM_DIRECTION" = "ADD"
    Info (12134): Parameter "LPM_REPRESENTATION" = "UNSIGNED"
    Info (12134): Parameter "ONE_INPUT_IS_CONSTANT" = "YES"
Info (12131): Elaborated megafunction instantiation "lpm_add_sub:Add0|addcore:adder[1]", which is child of megafunction instantiation "lpm_add_sub:Add0"
Info (12131): Elaborated megafunction instantiation "lpm_add_sub:Add0|addcore:adder[1]|a_csnbuffer:oflow_node", which is child of megafunction instantiation "lpm_add_sub:Add0"
Info (12131): Elaborated megafunction instantiation "lpm_add_sub:Add0|addcore:adder[1]|a_csnbuffer:result_node", which is child of megafunction instantiation "lpm_add_sub:Add0"
Info (12131): Elaborated megafunction instantiation "lpm_add_sub:Add0|addcore:adder[0]", which is child of megafunction instantiation "lpm_add_sub:Add0"
Info (12131): Elaborated megafunction instantiation "lpm_add_sub:Add0|look_add:look_ahead_unit", which is child of megafunction instantiation "lpm_add_sub:Add0"
Info (12131): Elaborated megafunction instantiation "lpm_add_sub:Add0|altshift:result_ext_latency_ffs", which is child of megafunction instantiation "lpm_add_sub:Add0"
Info (12131): Elaborated megafunction instantiation "lpm_add_sub:Add0|altshift:carry_ext_latency_ffs", which is child of megafunction instantiation "lpm_add_sub:Add0"
Info (12130): Elaborated megafunction instantiation "lpm_add_sub:Add1"
Info (12133): Instantiated megafunction "lpm_add_sub:Add1" with the following parameter:
    Info (12134): Parameter "LPM_WIDTH" = "9"
    Info (12134): Parameter "LPM_DIRECTION" = "ADD"
    Info (12134): Parameter "LPM_REPRESENTATION" = "UNSIGNED"
    Info (12134): Parameter "ONE_INPUT_IS_CONSTANT" = "YES"
Info (12131): Elaborated megafunction instantiation "lpm_add_sub:Add1|addcore:adder[1]", which is child of megafunction instantiation "lpm_add_sub:Add1"
Info (12131): Elaborated megafunction instantiation "lpm_add_sub:Add1|altshift:result_ext_latency_ffs", which is child of megafunction instantiation "lpm_add_sub:Add1"
Info (12130): Elaborated megafunction instantiation "lpm_add_sub:Add3"
Info (12133): Instantiated megafunction "lpm_add_sub:Add3" with the following parameter:
    Info (12134): Parameter "LPM_WIDTH" = "15"
    Info (12134): Parameter "LPM_DIRECTION" = "ADD"
    Info (12134): Parameter "LPM_REPRESENTATION" = "UNSIGNED"
    Info (12134): Parameter "ONE_INPUT_IS_CONSTANT" = "YES"
Info (12131): Elaborated megafunction instantiation "lpm_add_sub:Add3|addcore:adder[1]", which is child of megafunction instantiation "lpm_add_sub:Add3"
Info (12131): Elaborated megafunction instantiation "lpm_add_sub:Add3|altshift:result_ext_latency_ffs", which is child of megafunction instantiation "lpm_add_sub:Add3"
Info (12130): Elaborated megafunction instantiation "lpm_add_sub:Add2"
Info (12133): Instantiated megafunction "lpm_add_sub:Add2" with the following parameter:
    Info (12134): Parameter "LPM_WIDTH" = "8"
    Info (12134): Parameter "LPM_DIRECTION" = "ADD"
    Info (12134): Parameter "LPM_REPRESENTATION" = "UNSIGNED"
    Info (12134): Parameter "ONE_INPUT_IS_CONSTANT" = "NO"
Info (12131): Elaborated megafunction instantiation "lpm_add_sub:Add2|look_add:look_ahead_unit", which is child of megafunction instantiation "lpm_add_sub:Add2"
Info (12131): Elaborated megafunction instantiation "lpm_add_sub:Add2|altshift:result_ext_latency_ffs", which is child of megafunction instantiation "lpm_add_sub:Add2"
Info (13014): Ignored 41 buffer(s)
    Info (13019): Ignored 41 SOFT buffer(s)
Info (13000): Registers with preset signals will power-up high
Warning (13024): Output pins are stuck at VCC or GND
    Warning (13410): Pin "n_blank" is stuck at VCC
    Warning (13410): Pin "n_sync" is stuck at GND
    Warning (13410): Pin "scrst" is stuck at GND
Info (280013): Promoted pin-driven signal(s) to global signal
    Info (280014): Promoted clock signal driven by pin "pixel_clk" to global clock signal
    Info (280015): Promoted clear signal driven by pin "reset_n" to global clear signal
Info (21057): Implemented 185 device resources after synthesis - the final resource count might be different
    Info (21058): Implemented 10 input pins
    Info (21059): Implemented 25 output pins
    Info (21063): Implemented 124 macrocells
    Info (21073): Implemented 26 shareable expanders
Info: Quartus II 64-Bit Analysis & Synthesis was successful. 0 errors, 9 warnings
    Info: Peak virtual memory: 4620 megabytes
    Info: Processing ended: Tue Aug 03 14:41:12 2021
    Info: Elapsed time: 00:00:05
    Info: Total CPU time (on all processors): 00:00:05


